/data/hulab/zcai75/anaconda3/envs/vilt/lib/python3.8/site-packages/torch/distributed/launch.py:178: FutureWarning: The module torch.distributed.launch is deprecated
and will be removed in future. Use torchrun.
Note that --use_env is set by default in torchrun.
If your script expects `--local_rank` argument to be set, please
change it to read from `os.environ['LOCAL_RANK']` instead. See 
https://pytorch.org/docs/stable/distributed.html#launch-utility for 
further instructions

  warnings.warn(
WARNING:torch.distributed.elastic.agent.server.api:Received 2 death signal, shutting down workers
WARNING:torch.distributed.elastic.multiprocessing.api:Sending process 1407517 closing signal SIGINT
Traceback (most recent call last):
  File "../../train.py", line 539, in <module>
    cli_main()
  File "../../train.py", line 518, in cli_main
    parser = options.get_training_parser()
  File "/home/zcai75/Github/OFA/fairseq/fairseq/options.py", line 38, in get_training_parser
    parser = get_parser("Trainer", default_task)
  File "/home/zcai75/Github/OFA/fairseq/fairseq/options.py", line 227, in get_parser
    utils.import_user_module(usr_args)
  File "/home/zcai75/Github/OFA/fairseq/fairseq/utils.py", line 489, in import_user_module
    importlib.import_module(module_name)
  File "/data/hulab/zcai75/anaconda3/envs/vilt/lib/python3.8/importlib/__init__.py", line 127, in import_module
    return _bootstrap._gcd_import(name[level:], package, level)
  File "<frozen importlib._bootstrap>", line 1014, in _gcd_import
  File "<frozen importlib._bootstrap>", line 991, in _find_and_load
  File "<frozen importlib._bootstrap>", line 975, in _find_and_load_unlocked
  File "<frozen importlib._bootstrap>", line 671, in _load_unlocked
  File "<frozen importlib._bootstrap_external>", line 843, in exec_module
  File "<frozen importlib._bootstrap>", line 219, in _call_with_frames_removed
  File "/home/zcai75/Github/OFA_forked/ofa_module/__init__.py", line 3, in <module>
    import tasks
  File "/home/zcai75/Github/OFA_forked/tasks/__init__.py", line 6, in <module>
    from .speech_tasks import *
  File "/home/zcai75/Github/OFA_forked/tasks/speech_tasks/__init__.py", line 1, in <module>
    from .unify_task import UnifySpeechTextTask
  File "/home/zcai75/Github/OFA_forked/tasks/speech_tasks/unify_task.py", line 16, in <module>
    from data.s2t_data.unify_dataset import UnifyDataset
  File "/home/zcai75/Github/OFA_forked/data/s2t_data/unify_dataset.py", line 36, in <module>
    from pypinyin import pinyin, Style
  File "/data/hulab/zcai75/anaconda3/envs/vilt/lib/python3.8/site-packages/pypinyin/__init__.py", line 9, in <module>
    from pypinyin.constants import (  # noqa
  File "/data/hulab/zcai75/anaconda3/envs/vilt/lib/python3.8/site-packages/pypinyin/constants.py", line 18, in <module>
    from pypinyin import phrases_dict
  File "/data/hulab/zcai75/anaconda3/envs/vilt/lib/python3.8/site-packages/pypinyin/phrases_dict.py", line 34297, in <module>
    '老大无成': [['lǎo'], ['dà'], ['wú'], ['chéng']],
KeyboardInterrupt
Traceback (most recent call last):
  File "/data/hulab/zcai75/anaconda3/envs/vilt/lib/python3.8/runpy.py", line 194, in _run_module_as_main
    return _run_code(code, main_globals, None,
  File "/data/hulab/zcai75/anaconda3/envs/vilt/lib/python3.8/runpy.py", line 87, in _run_code
    exec(code, run_globals)
  File "/data/hulab/zcai75/anaconda3/envs/vilt/lib/python3.8/site-packages/torch/distributed/launch.py", line 193, in <module>
    main()
  File "/data/hulab/zcai75/anaconda3/envs/vilt/lib/python3.8/site-packages/torch/distributed/launch.py", line 189, in main
    launch(args)
  File "/data/hulab/zcai75/anaconda3/envs/vilt/lib/python3.8/site-packages/torch/distributed/launch.py", line 174, in launch
    run(args)
  File "/data/hulab/zcai75/anaconda3/envs/vilt/lib/python3.8/site-packages/torch/distributed/run.py", line 752, in run
    elastic_launch(
  File "/data/hulab/zcai75/anaconda3/envs/vilt/lib/python3.8/site-packages/torch/distributed/launcher/api.py", line 131, in __call__
    return launch_agent(self._config, self._entrypoint, list(args))
  File "/data/hulab/zcai75/anaconda3/envs/vilt/lib/python3.8/site-packages/torch/distributed/launcher/api.py", line 236, in launch_agent
    result = agent.run()
  File "/data/hulab/zcai75/anaconda3/envs/vilt/lib/python3.8/site-packages/torch/distributed/elastic/metrics/api.py", line 125, in wrapper
    result = f(*args, **kwargs)
  File "/data/hulab/zcai75/anaconda3/envs/vilt/lib/python3.8/site-packages/torch/distributed/elastic/agent/server/api.py", line 709, in run
    result = self._invoke_run(role)
  File "/data/hulab/zcai75/anaconda3/envs/vilt/lib/python3.8/site-packages/torch/distributed/elastic/agent/server/api.py", line 850, in _invoke_run
    time.sleep(monitor_interval)
  File "/data/hulab/zcai75/anaconda3/envs/vilt/lib/python3.8/site-packages/torch/distributed/elastic/multiprocessing/api.py", line 60, in _terminate_process_handler
    raise SignalException(f"Process {os.getpid()} got signal: {sigval}", sigval=sigval)
torch.distributed.elastic.multiprocessing.api.SignalException: Process 1407461 got signal: 2
